<?xml version="1.0" encoding="UTF-8"?>
<testng-results skipped="0" failed="0" ignored="0" total="1" passed="1">
  <reporter-output>
  </reporter-output>
  <suite name="Default suite" duration-ms="13155" started-at="2017-12-17T21:06:12Z" finished-at="2017-12-17T21:06:25Z">
    <groups>
    </groups>
    <test name="Default test" duration-ms="13155" started-at="2017-12-17T21:06:12Z" finished-at="2017-12-17T21:06:25Z">
      <class name="com.wordpress.Testcases.VerifyWordpressLogin">
        <test-method status="PASS" signature="verifyValidLogin()[pri:0, instance:com.wordpress.Testcases.VerifyWordpressLogin@9a7504c]" name="verifyValidLogin" duration-ms="13104" started-at="2017-12-17T15:06:12Z" finished-at="2017-12-17T15:06:25Z">
          <reporter-output>
          </reporter-output>
        </test-method> <!-- verifyValidLogin -->
      </class> <!-- com.wordpress.Testcases.VerifyWordpressLogin -->
    </test> <!-- Default test -->
  </suite> <!-- Default suite -->
</testng-results>
