<?xml version="1.0" encoding="UTF-8"?>
<testng-results skipped="0" failed="0" total="1" passed="1">
  <reporter-output>
  </reporter-output>
  <suite name="Default suite" duration-ms="12841" started-at="2017-12-27T19:50:30Z" finished-at="2017-12-27T19:50:43Z">
    <groups>
    </groups>
    <test name="Default test" duration-ms="12841" started-at="2017-12-27T19:50:30Z" finished-at="2017-12-27T19:50:43Z">
      <class name="com.selenium.tests.LoginScenarios">
        <test-method status="PASS" signature="login_001()[pri:0, instance:com.selenium.tests.LoginScenarios@20e2cbe0]" name="login_001" duration-ms="12814" started-at="2017-12-27T13:50:30Z" finished-at="2017-12-27T13:50:43Z">
          <reporter-output>
          </reporter-output>
        </test-method> <!-- login_001 -->
      </class> <!-- com.selenium.tests.LoginScenarios -->
    </test> <!-- Default test -->
  </suite> <!-- Default suite -->
</testng-results>
