<?xml version="1.0" encoding="UTF-8"?>
<testng-results skipped="0" failed="0" ignored="0" total="1" passed="1">
  <reporter-output>
  </reporter-output>
  <suite name="Default suite" duration-ms="17683" started-at="2017-12-28T21:40:51Z" finished-at="2017-12-28T21:41:09Z">
    <groups>
    </groups>
    <test name="Default test" duration-ms="17683" started-at="2017-12-28T21:40:51Z" finished-at="2017-12-28T21:41:09Z">
      <class name="com.google.test.GmailPageTest">
        <test-method status="PASS" signature="beforeTest()[pri:0, instance:com.google.test.GmailPageTest@1500955a]" name="beforeTest" is-config="true" duration-ms="4186" started-at="2017-12-28T15:40:51Z" finished-at="2017-12-28T15:40:55Z">
          <reporter-output>
          </reporter-output>
        </test-method> <!-- beforeTest -->
        <test-method status="PASS" signature="f()[pri:0, instance:com.google.test.GmailPageTest@1500955a]" name="f" duration-ms="12007" started-at="2017-12-28T15:40:55Z" finished-at="2017-12-28T15:41:07Z">
          <reporter-output>
          </reporter-output>
        </test-method> <!-- f -->
        <test-method status="PASS" signature="afterTest()[pri:0, instance:com.google.test.GmailPageTest@1500955a]" name="afterTest" is-config="true" duration-ms="1455" started-at="2017-12-28T15:41:07Z" finished-at="2017-12-28T15:41:09Z">
          <reporter-output>
          </reporter-output>
        </test-method> <!-- afterTest -->
      </class> <!-- com.google.test.GmailPageTest -->
    </test> <!-- Default test -->
  </suite> <!-- Default suite -->
</testng-results>
